     1                                  bits 32 
     2                                  global start        
     3                                  
     4                                  
     5                                  extern exit               
     6                                  import exit msvcrt.dll    
     7                                  
     8                                  segment data use32 class=data
     9 00000000 313031303031313162-         given db '10100111b', '01100011b', '110b', '101011b'
     9 00000009 303131303030313162-
     9 00000012 313130623130313031-
     9 0000001B 3162               
    10                                      obtain
    10          ******************       warning: label alone on a line without a colon might be in error [-w+orphan-labels]
    11                                  segment code use32 class=code
    12                                      start:
    13 00000000 BE[00000000]                    mov esi, given
    14                                          while_elms:
    15 00000005 B062                                mov al, 'b'
    16                                              while_digit:
    17 00000007 AE                                      scasb       ;if the caracter
    18 00000008 7400                                    je exit_while_digit    
    19                                          
    20                                              
    21                                              exit_while_digit
    21          ******************       warning: label alone on a line without a colon might be in error [-w+orphan-labels]
    22                                              
    23 0000000A 6A00                            push    dword 0      
    24 0000000C FF15[00000000]                  call    [exit]       
