     1                                  bits 32 
     2                                  
     3                                  
     4                                  global start        
     5                                  
     6                                  
     7                                  extern exit, fopen, fprintf  
     8                                  ;importing the functions           
     9                                  import exit msvcrt.dll
    10                                  import fopen msvcrt.dll
    11                                  import fprintf msvcrt.dll
    12                                  
    13                                  
    14                                  segment data use32 class=data
    15 00000000 657831355F66696C65-         file_name db "ex15_files.txt", 0;for printing
    15 00000009 732E74787400       
    16 0000000F 416E61204072652024-         string db "Ana @re $$$ m&r& si *# b!n%n^", 0
    16 00000018 2424206D2672262073-
    16 00000021 69202A232062216E25-
    16 0000002A 6E5E00             
    17                                      len_string equ $ - string
    18 0000002D 7700                        write_mode db "w", 0
    19 0000002F 257300                      format db "%s", 0
    20 00000032 00000000                    descriptor dd 0
    21                                      
    22                                      
    23                                  segment code use32 class=code
    24                                      start:
    25                                          
    26 00000000 BE[0F000000]                    mov esi, string
    27 00000005 B91E000000                      mov ecx, len_string
    28 0000000A E361                            jecxz final
    29                                          
    30                                          loop_change:
    31 0000000C 803E21                              cmp [esi], byte '!'
    32 0000000F 7425                                jz special
    33 00000011 803E40                              cmp [esi], byte '@'
    34 00000014 7420                                jz special
    35 00000016 803E23                              cmp [esi], byte '#'
    36 00000019 741B                                jz special
    37 0000001B 803E24                              cmp [esi], byte '$'
    38 0000001E 7416                                jz special
    39 00000020 803E25                              cmp [esi], byte '%'
    40 00000023 7411                                jz special
    41 00000025 803E5E                              cmp [esi], byte '^'
    42 00000028 740C                                jz special
    43 0000002A 803E26                              cmp [esi], byte '&'
    44 0000002D 7407                                jz special
    45 0000002F 803E2A                              cmp [esi], byte '*'
    46 00000032 7402                                jz special
    47 00000034 EB03                                jmp after
    48                                              special:
    49                                              ;if it is a special character
    50 00000036 C60658                              mov [esi], byte 'X'
    51                                              
    52                                              after:
    53 00000039 46                                  inc esi
    54 0000003A E2D0                            loop loop_change
    55                                              
    56                                              
    57                                          ;fopen("ex15_files.txt", "w");    
    58 0000003C 68[2D000000]                    push dword write_mode
    59 00000041 68[00000000]                    push dword file_name
    60 00000046 FF15[00000000]                  call [fopen]
    61 0000004C 83C408                          add esp, 4 * 2
    62 0000004F A3[32000000]                    mov [descriptor], eax
    63                                          
    64                                          ;fprintf(FILE * stream, "%s", string);
    65 00000054 68[0F000000]                    push dword string
    66 00000059 68[2F000000]                    push dword format
    67 0000005E FF35[32000000]                  push dword [descriptor]
    68 00000064 FF15[00000000]                  call [fprintf]
    69 0000006A 83C408                          add esp, 4 * 2
    70                                          
    71                                          final:
    72 0000006D 6A00                            push    dword 0     
    73 0000006F FF15[00000000]                  call    [exit]   
