     1                                  bits 32 v
     2                                  
     3                                  global start
     4                                  
     5                                  extern exit
     6                                  
     7                                  import exit msvcrt.dll
     8                                   
     9                                  segment data use32 class = data
    10                                      
    11 00000000 32313333343236              a db '2', '1', '3', '3', '4', '2', '6'
    12                                      la equ $ - a
    13 00000007 343537363231                b db '4', '5', '7', '6', '2', '1'
    14                                      lb equ $ - b
    15 0000000D 00<rept>                    r times (la + lb) db 0
    16                                      dif equ 'a' - '0' - 1
    17                                      
    18                                  segment code use32 class = code
    19                                  start: ;Two byte strings A and B are given. Obtain the string R by concatenating the elements of B in reverse order and the odd elements of A.
    20                                      
    21 00000000 B906000000                  mov ecx, lb 
    22 00000005 BF00000000                  mov edi, 0
    23 0000000A E30F                        jecxz final1 ; it skips the loop if the length of b is 0
    24                                      reverse1:
    25 0000000C 8A81[06000000]                  mov al, [b + ecx - 1]
    26 00000012 8887[0D000000]                  mov [r + edi], al
    27                                          
    28 00000018 47                              inc edi
    29 00000019 E2F1                        loop reverse1
    30                                      final1:
    31                                      
    32 0000001B B907000000                  mov ecx, la
    33 00000020 E32A                        jecxz final2 ; it skips the loop if the length of b is 0
    34 00000022 BE00000000                  mov esi, 0
    35                                      reverse2:
    36 00000027 8A86[00000000]                  mov al, [a + esi]
    37 0000002D 2C30                            sub al, '0' ;caracter in number
    38 0000002F A801                            test al, 01h
    39 00000031 7413                            jz even_number
    40                                              ;if is an odd number
    41 00000033 8A9E[00000000]                      mov bl, [a + esi]
    42 00000039 80C330                              add bl, '0' ;number in caracter
    43 0000003C 80EB30                              sub bl, dif
    44 0000003F 889F[0D000000]                      mov [r + edi], bl
    45 00000045 47                                  inc edi
    46                                          
    47                                          even_number:
    48 00000046 46                                  inc esi  
    49                                              
    50 00000047 83FE07                          cmp esi, la 
    51 0000004A 72DB                        jb reverse2
    52                                      final2         
    52          ******************       warning: label alone on a line without a colon might be in error [-w+orphan-labels]
    53 0000004C 6A00                        push dword 0
    54 0000004E FF15[00000000]              call [exit]
    55                                  
    56                                  
