     1                                  bits 32
     2                                  
     3                                  global start
     4                                  
     5                                  extern exit
     6                                  import exit msvcrt.dll
     7                                  
     8                                  segment data use32 class = data
     9 00000000 01030507                    s1 db 1, 3, 5, 7
    10                                      len equ $ - s1
    11 00000004 02060904                    s2 db 2, 6, 9, 4
    12 00000008 <res 00000008>              d resb 2 * len
    13                                      
    14                                      
    15                                  segment code use32 class = code
    16                                      start:
    17                                      
    18                                      
    19 00000000 B904000000                  mov ecx, len
    20 00000005 B800000000                  mov eax, 0
    21 0000000A BB00000000                  mov ebx, 0
    22                                      
    23 0000000F E31D                        jecxz final
    24                                      Repeta:
    25 00000011 8A90[00000000]                  mov dl, [s1 + eax]
    26 00000017 8893[08000000]                  mov [d + ebx], dl       ;first puting an element from s1
    27 0000001D 43                              inc ebx             
    28                                          
    29 0000001E 8A90[04000000]                  mov dl, [s2 + eax]
    30 00000024 8893[08000000]                  mov [d + ebx], dl       ;than puting an element from s2
    31 0000002A 43                              inc ebx             
    32                                          
    33 0000002B 40                              inc eax
    34 0000002C E2E3                            loop Repeta
    35                                      final:
    36                                      
    37 0000002E 6A00                        push dword 0
    38 00000030 FF15[00000000]              call [exit]
