     1                                  bits 32 
     2                                  
     3                                  
     4                                  global start        
     5                                  
     6                                  extern exit               
     7                                  import exit msvcrt.dll    
     8                                  
     9                                  
    10                                  segment data use32 class=data
    11                                      
    12 00000000 010306020302                s1 db 1, 3, 6, 2, 3, 2
    13 00000006 060308010205                s2 db 6, 3, 8, 1, 2, 5
    14                                      len equ $ - s2
    15 0000000C 00<rept>                    r times len db 0
    16                                  
    17                                  segment code use32 class=code
    18                                      start: ;Two byte strings S1 and S2 of the same length are given. Obtain the string D where each element is the sum of the corresponding elements from S1 and S2
    19                                          
    20 00000000 BE00000000                      mov esi, 0 ; index of both s1 and s2
    21 00000005 B906000000                      mov ecx, len
    22                                          repeat:
    23 0000000A 8A86[00000000]                      mov al, [s1 + esi] 
    24 00000010 0286[06000000]                      add al, [s2 + esi]
    25 00000016 8886[0C000000]                      mov [r + esi], al
    26 0000001C 46                                  inc esi
    27 0000001D E2EB                            loop repeat
    28                                          
    29 0000001F 6A00                            push    dword 0      
    30 00000021 FF15[00000000]                  call    [exit]       
