     1                                  bits 32 
     2                                  global start        
     3                                  ;1.	Se dă un șir de 10 numere în baza 16 în fișierul input.txt. 
     4                                  ;Să se determine cifra minimă din fiecare număr.
     5                                  ;Să se afișeze acest șir al cifrelor minime, în baza 10, pe ecran.
     6                                  
     7                                  
     8                                  extern exit, fopen, fscanf, printf  
     9                                            
    10                                  import exit msvcrt.dll
    11                                  import fopen msvcrt.dll  
    12                                  import fscanf msvcrt.dll   
    13                                  import printf msvcrt.dll   
    14                                  
    15                                  segment data use32 class=data
    16 00000000 696E7075742E747874-         filename db "input.txt", 0
    16 00000009 00                 
    17 0000000A <res 00000004>              descriptor resd 1
    18 0000000E 7200                        read_mode db "r", 0
    19 00000010 257825782578257825-         format_read db "%x%x%x%x%x%x%x%x%x%x", 0
    19 00000019 782578257825782578-
    19 00000022 257800             
    20 00000025 25782C2000                  format_write db "%x, ", 0
    21 0000002A <res 00000028>              nrs resd 10
    22 00000052 10000000                    sixteen dd 16
    23                                  
    24                                  segment code use32 class=code
    25                                      start:
    26                                          
    27                                          ;opening the file
    28                                          ;fopen("input.txt", "r");
    29 00000000 68[0E000000]                    push dword read_mode
    30 00000005 68[00000000]                    push dword filename
    31 0000000A FF15[00000000]                  call [fopen]
    32 00000010 83C408                          add esp, 2 * 4
    33 00000013 A3[0A000000]                    mov [descriptor], eax
    34                                          
    35                                          ;scanning 10 numbers from the file
    36                                          ;fscanf("%x%x%x%x%x%x%x%x%x%x", &n1, &n2, &n3, &n4, &n5, &n6, &n7, &n8, &n9, &n10);
    37 00000018 68[4E000000]                    push dword (nrs + 4 * 9)
    38 0000001D 68[4A000000]                    push dword (nrs + 4 * 8)
    39 00000022 68[46000000]                    push dword (nrs + 4 * 7)
    40 00000027 68[42000000]                    push dword (nrs + 4 * 6)
    41 0000002C 68[3E000000]                    push dword (nrs + 4 * 5)
    42 00000031 68[3A000000]                    push dword (nrs + 4 * 4)
    43 00000036 68[36000000]                    push dword (nrs + 4 * 3)
    44 0000003B 68[32000000]                    push dword (nrs + 4 * 2)
    45 00000040 68[2E000000]                    push dword (nrs + 4 * 1)
    46 00000045 68[2A000000]                    push dword nrs
    47 0000004A 68[10000000]                    push dword format_read
    48 0000004F FF35[0A000000]                  push dword [descriptor]
    49 00000055 FF15[00000000]                  call [fscanf]
    50 0000005B 83C430                          add esp, 12 * 4
    51                                          
    52 0000005E B90A000000                      mov ecx, 10     ;executing the loop 10 times
    53 00000063 BE[2A000000]                    mov esi, nrs    ;esi = offset of the array nrs
    54 00000068 FC                              cld             ;DF = 0
    55                                          while_nrs:
    56                                              
    57 00000069 AD                                  lodsd   ;eax = [esi], esi += 4
    58 0000006A BB0F000000                          mov ebx, 0xF    ;ebx = the smallest
    59                                              
    60                                              ;fiding the smallest digit - ebx
    61                                              while_bytes:
    62 0000006F BA00000000                              mov edx, 0
    63 00000074 F735[52000000]                          div dword [sixteen]   ;edx = eax / 16  
    64 0000007A 39DA                                    cmp edx, ebx
    65 0000007C 7302                                    jnb not_minim     ;if edx is not below ebx
    66                                                  
    67                                                  ;if we found a smaller digit
    68 0000007E 89D3                                    mov ebx, edx
    69                                                  
    70                                                  not_minim:
    71                                                  
    72 00000080 83F800                                  cmp eax, 0
    73 00000083 75EA                                    jne while_bytes
    74                                                  
    75 00000085 51                                  push ecx    ;saving the value of ecx
    76                                              
    77                                              ;printing the smallest digit    
    78                                              ;printf("%x ", ebx);
    79 00000086 53                                  push ebx
    80 00000087 68[25000000]                        push dword format_write
    81 0000008C FF15[00000000]                      call [printf]
    82 00000092 83C408                              add esp, 2 * 4
    83                                              
    84 00000095 59                                  pop ecx     ;restoring the ecx
    85 00000096 E2D1                            loop while_nrs
    86                                              
    87                                              
    88 00000098 6A00                            push    dword 0      
    89 0000009A FF15[00000000]                  call    [exit]       
