     1                                  bits 32 
     2                                  global start        
     3                                  
     4                                  ;2.	Se citește de la tastatură un număr N și apoi N numere.
     5                                  ;Să se calculeze suma numerelor pare introduse, să se calculeze suma numerelor impare introduse, apoi diferența dintre cele două sume.
     6                                  ;Să se afișeze în fișierul output.txt cele 3 rezultate, în baza 16, pe linii separate.
     7                                  
     8                                  
     9                                  extern exit, scanf, fprintf, fopen       
    10                                         
    11                                  import exit msvcrt.dll    
    12                                  import scanf msvcrt.dll 
    13                                  import fprintf msvcrt.dll 
    14                                  import fopen msvcrt.dll
    15                                  
    16                                  segment data use32 class=data
    17 00000000 <res 00000004>              n resd 1
    18 00000004 256400                      format_read db "%d", 0
    19 00000007 <res 00000004>              x resd 1
    20 0000000B <res 00000004>              evenSum resd 1
    21 0000000F <res 00000004>              oddSum resd 1
    22                                      ;format_write db "Test please work %x %x %x", 0
    23 00000013 4576656E2073756D20-         format_write db "Even sum = %x", 10, 13, "Odd sum = %x", 10, 13, " The difference = %x", 0
    23 0000001C 3D2025780A0D4F6464-
    23 00000025 2073756D203D202578-
    23 0000002E 0A0D20546865206469-
    23 00000037 66666572656E636520-
    23 00000040 3D20257800         
    24 00000045 6F75747075742E7478-         file_out db "output.txt", 0
    24 0000004E 7400               
    25 00000050 <res 00000004>              descriptor resd 1
    26 00000054 7700                        write_mode db "w", 0
    27                                      
    28                                  segment code use32 class=code
    29                                      start:
    30                                          
    31                                          ;reading N
    32                                          ;scanf("%d", &n);
    33 00000000 68[00000000]                    push dword n
    34 00000005 68[04000000]                    push dword format_read
    35 0000000A FF15[00000000]                  call [scanf]
    36 00000010 83C408                          add esp, 2 * 4
    37                                          
    38                                          ;reading N numbers and computing the sums
    39 00000013 8B0D[00000000]                  mov ecx, [n]
    40                                          while_n:
    41 00000019 51                                  push ecx    ;saving ecx
    42                                              
    43 0000001A 68[07000000]                        push dword x
    44 0000001F 68[04000000]                        push dword format_read
    45 00000024 FF15[00000000]                      call [scanf]
    46 0000002A 83C408                              add esp, 2 * 4
    47                                              
    48 0000002D F705[07000000]0100-                 test [x], dword 1
    48 00000035 0000               
    49 00000037 740E                                je odd_number
    50                                              
    51                                              ;even number
    52 00000039 8B1D[07000000]                      mov ebx, [x]
    53 0000003F 011D[0B000000]                      add [evenSum], ebx
    54 00000045 EB0C                                jmp over
    55                                              
    56                                              ;odd number
    57                                              odd_number:
    58 00000047 8B1D[07000000]                      mov ebx, [x]
    59 0000004D 011D[0F000000]                      add [oddSum], ebx
    60                                              
    61                                              over:
    62 00000053 59                                  pop ecx     ;restoring ecx value
    63                                              
    64 00000054 E2C3                                loop while_n
    65                                          
    66                                          ;computing the difference = ebx
    67 00000056 A1[0F000000]                    mov eax, [oddSum]
    68 0000005B 8B1D[0B000000]                  mov ebx, [evenSum]
    69 00000061 39D8                            cmp eax, ebx
    70 00000063 7704                            ja oddSum_greater
    71                                          
    72                                          ;evenSum greater
    73 00000065 29C3                            sub ebx, eax
    74 00000067 EB03                            jmp over2
    75                                          
    76                                          oddSum_greater:
    77                                          
    78 00000069 93                              xchg eax, ebx   ;exchanging eax with ebx to have the result in 
    79 0000006A 29C3                            sub ebx, eax
    80                                          over2:
    81                                          
    82                                          ;oppening the file
    83                                          ;fopen(file_out, "w");
    84 0000006C 68[54000000]                    push dword write_mode
    85 00000071 68[45000000]                    push dword file_out
    86 00000076 FF15[00000000]                  call [fopen]
    87 0000007C 83C408                          add esp, 2 * 4
    88                                          
    89 0000007F A3[50000000]                    mov [descriptor], eax
    90                                          
    91                                          ;printing in the file
    92                                          ;fprintf(descriptor, "Even sum = %x\n Odd sum = %x\n The difference = %x", [evenSum], [oddSum], eax);
    93 00000084 53                              push ebx
    94 00000085 FF35[0F000000]                  push dword [oddSum]
    95 0000008B FF35[0B000000]                  push dword [evenSum]
    96 00000091 68[13000000]                    push dword format_write
    97 00000096 FF35[50000000]                  push dword [descriptor]
    98 0000009C FF15[00000000]                  call [fprintf]
    99 000000A2 83C410                          add esp, 4 * 4
   100                                          
   101 000000A5 6A00                            push    dword 0      
   102 000000A7 FF15[00000000]                  call    [exit]       
