     1                                  bits 32
     2                                  
     3                                  global start
     4                                  
     5                                  extern exit
     6                                  
     7                                  import exit msvcrt.dll
     8                                   
     9                                  segment data use32 class = data
    10                                  
    11 00000000 0100                        a dw 1
    12 00000002 0100                        b dw 1
    13 00000004 0100                        c dw 1
    14 00000006 0100                        d dw 1 
    15                                      
    16                                  segment code use32 class = code
    17                                  start:
    18                                  
    19 00000000 66A1[00000000]              mov ax, [a] ; ax = a
    20 00000006 662B05[02000000]            sub ax, [b] ; ax = a - b
    21 0000000D 668B1D[04000000]            mov bx, [c] ; bx = c
    22 00000014 662B1D[06000000]            sub bx, [d] ; bx = c - d
    23 0000001B 66031D[00000000]            add bx, [a] ; bx = c - d + a
    24 00000022 6601D8                      add ax, bx ; ax = a-b+(c-d+a)
    25                                      
    26 00000025 6A00                        push dword 0
    27 00000027 FF15[00000000]              call [exit]
    28                                  
